<?xml version="1.0" encoding="UTF-8"?>
<!-- Generated by org.testng.reporters.JUnitReportReporter -->
<testsuite hostname="Hemant-PC" failures="0" tests="1" name="TestLayer.CartTest" time="3.324" errors="0" timestamp="2024-07-18T19:47:57 IST" skipped="0">
  <testcase classname="TestLayer.CartTest" name="verifyProduct" time="3.324"/>
</testsuite> <!-- TestLayer.CartTest -->
